
Showing logs for build [32mjenkins-x-labs-bot-bdd-gh-15859-f26l5-1[0m stage [32mfrom-build-pack[0m and container [32mstep-credential-initializer-c7w77[0m
{"level":"warn","ts":1585984777.0353136,"logger":"fallback-logger","caller":"logging/config.go:69","msg":"Fetch GitHub commit ID from kodata failed: \"ref: refs/heads/0.8.0-**-support-backwards-incompats\" is not a valid GitHub commit ID"}
{"level":"info","ts":1585984777.035774,"logger":"fallback-logger","caller":"creds-init/main.go:40","msg":"Credentials initialized."}

Showing logs for build [32mjenkins-x-labs-bot-bdd-gh-15859-f26l5-1[0m stage [32mfrom-build-pack[0m and container [32mstep-working-dir-initializer-lhf8d[0m
{"level":"warn","ts":1585984777.992021,"logger":"fallback-logger","caller":"logging/config.go:69","msg":"Fetch GitHub commit ID from kodata failed: open /var/run/ko/HEAD: no such file or directory"}
{"level":"info","ts":1585984777.994092,"logger":"fallback-logger","caller":"bash/main.go:64","msg":"Successfully executed command \"sh -c mkdir -p /workspace/source\"; output "}

Showing logs for build [32mjenkins-x-labs-bot-bdd-gh-15859-f26l5-1[0m stage [32mfrom-build-pack[0m and container [32mstep-place-tools[0m

Showing logs for build [32mjenkins-x-labs-bot-bdd-gh-15859-f26l5-1[0m stage [32mfrom-build-pack[0m and container [32mstep-git-source-jenkins-x-labs-bot-bdd-gh-15859-f26l5-hsprx[0m
{"level":"warn","ts":1585984784.1734848,"logger":"fallback-logger","caller":"logging/config.go:69","msg":"Fetch GitHub commit ID from kodata failed: \"ref: refs/heads/0.8.0-**-support-backwards-incompats\" is not a valid GitHub commit ID"}
{"level":"info","ts":1585984786.3050468,"logger":"fallback-logger","caller":"git/git.go:103","msg":"Successfully cloned https://github.com/******************/bdd-gh-1585984274.git @ master in path /workspace/source"}

Showing logs for build [32mjenkins-x-labs-bot-bdd-gh-15859-f26l5-1[0m stage [32mfrom-build-pack[0m and container [32mstep-git-merge[0m
Using SHAs from PULL_REFS=master:d4db69ac5ba48161058b8cba52f2fcb77319e2d7,1:fb1b548cf02c93005ed6ca06aa630df08e3ac9ad
DEBUG: LC_ALL=C JX_LOG_LEVEL=error git fetch origin --unshallow fb1b548cf02c93005ed6ca06aa630df08e3ac9ad: d4db69ac5ba48161058b8cba52f2fcb77319e2d7:
DEBUG: ran git fetch --unshallow origin fb1b548cf02c93005ed6ca06aa630df08e3ac9ad: d4db69ac5ba48161058b8cba52f2fcb77319e2d7: in 
DEBUG: JX_LOG_LEVEL=error LC_ALL=C git branch
DEBUG: LC_ALL=C JX_LOG_LEVEL=error git checkout master
DEBUG: ran git checkout master in 
DEBUG: LC_ALL=C JX_LOG_LEVEL=error git reset --hard d4db69ac5ba48161058b8cba52f2fcb77319e2d7
DEBUG: ran git reset --hard d4db69ac5ba48161058b8cba52f2fcb77319e2d7 in 
DEBUG: LC_ALL=C JX_LOG_LEVEL=error git clean -fd .
DEBUG: ran clean --force -d . in 
DEBUG: LC_ALL=C JX_LOG_LEVEL=error git merge fb1b548cf02c93005ed6ca06aa630df08e3ac9ad
DEBUG: ran git merge fb1b548cf02c93005ed6ca06aa630df08e3ac9ad in 
DEBUG: LC_ALL=C JX_LOG_LEVEL=error git log --format=%H%x1f%an%x1f%ae%x1f%cn%x1f%ce%x1f%s%n%b%x1e d4db69ac5ba48161058b8cba52f2fcb77319e2d7..HEAD
Merged SHA fb1b548cf02c93005ed6ca06aa630df08e3ac9ad with commit message 'My first PR commit' into base branch master

Showing logs for build [32mjenkins-x-labs-bot-bdd-gh-15859-f26l5-1[0m stage [32mfrom-build-pack[0m and container [32mstep-build-make-linux[0m
CGO_ENABLED=0 GOOS=linux GOARCH=amd64 GO15VENDOREXPERIMENT=1 go build -ldflags '' -o bin/bdd-gh-1585984274 main.go

Showing logs for build [32mjenkins-x-labs-bot-bdd-gh-15859-f26l5-1[0m stage [32mfrom-build-pack[0m and container [32mstep-build-container-build[0m
ERROR: logging before flag.Parse: E0404 07:19:52.977093      11 metadata.go:241] Failed to unmarshal scopes: invalid character 'h' looking for beginning of value
[36mINFO[0m[0000] No base image, nothing to extract            
[36mINFO[0m[0000] cmd: EXPOSE                                  
[36mINFO[0m[0000] Adding exposed port: 8080/tcp                
[36mINFO[0m[0000] Using files from context: [/workspace/source/bin] 
[36mINFO[0m[0000] Skipping unpacking as no commands require it. 
[36mINFO[0m[0000] Taking snapshot of full filesystem...        
[36mINFO[0m[0000] EXPOSE 8080                                  
[36mINFO[0m[0000] cmd: EXPOSE                                  
[36mINFO[0m[0000] Adding exposed port: 8080/tcp                
[36mINFO[0m[0000] No files changed in this command, skipping snapshotting. 
[36mINFO[0m[0000] ENTRYPOINT ["/bdd-gh-1585984274"]            
[36mINFO[0m[0000] No files changed in this command, skipping snapshotting. 
[36mINFO[0m[0000] Using files from context: [/workspace/source/bin] 
[36mINFO[0m[0000] COPY ./bin/ /                                
[36mINFO[0m[0000] Taking snapshot of files...                  
2020/04/04 07:19:56 pushed blob: sha256:bcedecddd50934574ad7ca33bff40c15e4db1a39a699e1c0d073417886316c21
2020/04/04 07:19:57 pushed blob: sha256:2cef1e625726af094d87e7d7fb7cc52ce260455a0444534cf1365e7b4a4d9cd4
2020/04/04 07:19:58 gcr.io/jenkins-x-labs-bdd/bdd-gh-1585984274:0.0.0-SNAPSHOT-PR-1-1: digest: sha256:2f50724c99fceb3f9d1c4d38e37ae8ff8b7fb8168a3f144a73a985ecb97d0574 size: 428

Showing logs for build [32mjenkins-x-labs-bot-bdd-gh-15859-f26l5-1[0m stage [32mfrom-build-pack[0m and container [32mstep-postbuild-post-build[0m
no CVE provider running in the current ** namespace so skip adding image to be analysed

Showing logs for build [32mjenkins-x-labs-bot-bdd-gh-15859-f26l5-1[0m stage [32mfrom-build-pack[0m and container [32mstep-promote-make-preview[0m
sed -i -e "s/version:.*/version: 0.0.0-SNAPSHOT-PR-1-1/" Chart.yaml
sed -i -e "s/version:.*/version: 0.0.0-SNAPSHOT-PR-1-1/" ../*/Chart.yaml
sed -i -e "s|repository:.*|repository: gcr.io\/jenkins-x-labs-bdd\/bdd-gh-1585984274|" values.yaml
sed -i -e "s/tag:.*/tag: 0.0.0-SNAPSHOT-PR-1-1/" values.yaml
echo "  version: 0.0.0-SNAPSHOT-PR-1-1" >> requirements.yaml
** step helm build
WARNING: No $CHART_REPOSITORY defined so using the default value of: http://jenkins-x-chartmuseum:8080
Adding missing Helm repo: storage.googleapis.com https://storage.googleapis.com/chartmuseum.jenkins-x.io
Successfully added Helm repository storage.googleapis.com.
Adding missing Helm repo: jenkins-x-chartmuseum http://jenkins-x-chartmuseum:8080
Successfully added Helm repository jenkins-x-chartmuseum.
WARNING: No $CHART_REPOSITORY defined so using the default value of: http://jenkins-x-chartmuseum:8080

Showing logs for build [32mjenkins-x-labs-bot-bdd-gh-15859-f26l5-1[0m stage [32mfrom-build-pack[0m and container [32mstep-promote-jx-preview[0m
Creating a preview
Created environment ******************-bdd-gh-1585984274-pr-1
Namespace **-******************-bdd-gh-1585984274-pr-1 created 
expose:
  Annotations:
    helm.sh/hook: post-install,post-upgrade
    helm.sh/hook-delete-policy: hook-succeeded
  config:
    domain: 35.190.199.99.nip.io
    exposer: Ingress
    http: "true"
preview:
  image:
    repository: gcr.io/jenkins-x-labs-bdd/bdd-gh-1585984274
    tag: 0.0.0-SNAPSHOT-PR-1-1
adding helm values file /workspace/source/charts/preview/**Requirements.values.yaml for namespace **-******************-bdd-gh-1585984274-pr-1
Updating PipelineActivities ******************-bdd-gh-1585984274-pr-1-1 which has status Running
Preview application is now available at: http://bdd-gh-1585984274-**-******************-bdd-gh-1585984274-pr-1.35.190.199.99.nip.io
